[0m13:15:57.381631 [debug] [MainThread]: Sending event: {'category': 'dbt', 'action': 'invocation', 'label': 'start', 'context': [<snowplow_tracker.self_describing_json.SelfDescribingJson object at 0x6d72bee870>, <snowplow_tracker.self_describing_json.SelfDescribingJson object at 0x6d726c93a0>, <snowplow_tracker.self_describing_json.SelfDescribingJson object at 0x6d726cb5f0>]}


============================== 13:15:57.387411 | cb87802b-87c8-4512-b5aa-c044aa8fb13d ==============================
[0m13:15:57.387411 [info ] [MainThread]: Running with dbt=1.10.11
[0m13:15:57.388501 [debug] [MainThread]: running dbt with arguments {'log_format': 'default', 'partial_parse': 'True', 'warn_error_options': 'WarnErrorOptionsV2(error=[], warn=[], silence=[])', 'log_path': 'logs', 'write_json': 'True', 'warn_error': 'None', 'cache_selected_only': 'False', 'target_path': 'None', 'empty': 'None', 'printer_width': '80', 'log_cache_events': 'False', 'no_print': 'None', 'debug': 'False', 'version_check': 'True', 'indirect_selection': 'eager', 'introspect': 'True', 'fail_fast': 'False', 'static_parser': 'True', 'profiles_dir': '/data/data/com.termux/files/home/.dbt', 'invocation_command': 'dbt init', 'use_experimental_parser': 'False', 'quiet': 'False', 'send_anonymous_usage_stats': 'True', 'use_colors': 'True'}
[0m13:17:23.881267 [debug] [MainThread]: Starter project path: /data/data/com.termux/files/home/TermuxProjects/youtube_data_project/yt-venv/lib/python3.12/site-packages/dbt/include/starter_project
[0m13:17:23.893257 [info ] [MainThread]: 
Your new dbt project "yt_dbt_project" was created!

For more information on how to configure the profiles.yml file,
please consult the dbt documentation here:

  https://docs.getdbt.com/docs/configure-your-profile

One more thing:

Need help? Don't hesitate to reach out to us via GitHub issues or on Slack:

  https://community.getdbt.com/

Happy modeling!

[0m13:17:23.894295 [info ] [MainThread]: Setting up your profile.
[0m13:17:35.312064 [info ] [MainThread]: Profile yt_dbt_project written to /data/data/com.termux/files/home/.dbt/profiles.yml using target's sample configuration. Once updated, you'll be able to start developing with dbt.
[0m13:17:35.316193 [debug] [MainThread]: Resource report: {"command_name": "init", "command_success": true, "command_wall_clock_time": 98.04801, "process_in_blocks": "87592", "process_kernel_time": 0.724749, "process_mem_max_rss": "111268", "process_out_blocks": "288", "process_user_time": 2.16523}
[0m13:17:35.317163 [debug] [MainThread]: Command `dbt init` succeeded at 13:17:35.316948 after 98.05 seconds
[0m13:17:35.317822 [debug] [MainThread]: Sending event: {'category': 'dbt', 'action': 'invocation', 'label': 'end', 'context': [<snowplow_tracker.self_describing_json.SelfDescribingJson object at 0x6d72dd7830>, <snowplow_tracker.self_describing_json.SelfDescribingJson object at 0x6d72adce60>, <snowplow_tracker.self_describing_json.SelfDescribingJson object at 0x6d72cdc530>]}
[0m13:17:35.318427 [debug] [MainThread]: Flushing usage events
[0m13:17:36.096547 [debug] [MainThread]: An error was encountered while trying to flush usage events
[0m16:27:50.390551 [debug] [MainThread]: Sending event: {'category': 'dbt', 'action': 'invocation', 'label': 'start', 'context': [<snowplow_tracker.self_describing_json.SelfDescribingJson object at 0x7341578230>, <snowplow_tracker.self_describing_json.SelfDescribingJson object at 0x734157a180>, <snowplow_tracker.self_describing_json.SelfDescribingJson object at 0x73419ef950>]}


============================== 16:27:50.401070 | 27f4656a-aeaf-4a96-857e-4a857a744f58 ==============================
[0m16:27:50.401070 [info ] [MainThread]: Running with dbt=1.10.11
[0m16:27:50.402745 [debug] [MainThread]: running dbt with arguments {'log_format': 'default', 'profiles_dir': '/data/data/com.termux/files/home/.dbt', 'version_check': 'True', 'printer_width': '80', 'send_anonymous_usage_stats': 'True', 'invocation_command': 'dbt debug', 'cache_selected_only': 'False', 'no_print': 'None', 'use_experimental_parser': 'False', 'introspect': 'True', 'warn_error_options': 'WarnErrorOptionsV2(error=[], warn=[], silence=[])', 'empty': 'None', 'warn_error': 'None', 'fail_fast': 'False', 'static_parser': 'True', 'partial_parse': 'True', 'log_cache_events': 'False', 'use_colors': 'True', 'target_path': 'None', 'indirect_selection': 'eager', 'quiet': 'False', 'log_path': 'logs', 'debug': 'False', 'write_json': 'True'}
[0m16:27:50.445751 [info ] [MainThread]: dbt version: 1.10.11
[0m16:27:50.446642 [info ] [MainThread]: python version: 3.12.11
[0m16:27:50.447210 [info ] [MainThread]: python path: /data/data/com.termux/files/home/TermuxProjects/youtube_data_project/yt-venv/bin/python
[0m16:27:50.447689 [info ] [MainThread]: os info: Linux-5.15.167-android13-8-00008-g31975b884c4b-ab13216403-aarch64-with-libc
[0m16:27:50.505067 [info ] [MainThread]: Using profiles dir at /data/data/com.termux/files/home/.dbt
[0m16:27:50.505798 [info ] [MainThread]: Using profiles.yml file at /data/data/com.termux/files/home/.dbt/profiles.yml
[0m16:27:50.506455 [info ] [MainThread]: Using dbt_project.yml file at /data/data/com.termux/files/home/TermuxProjects/youtube_data_project/dbt_project.yml
[0m16:27:50.508137 [info ] [MainThread]: adapter type: sqlite
[0m16:27:50.508511 [info ] [MainThread]: adapter version: 1.10.0
[0m16:27:50.508861 [info ] [MainThread]: Configuration:
[0m16:27:50.509162 [info ] [MainThread]:   profiles.yml file [[32mOK found and valid[0m]
[0m16:27:50.509445 [info ] [MainThread]:   dbt_project.yml file [[31mERROR not found[0m]
[0m16:27:50.509721 [info ] [MainThread]: Required dependencies:
[0m16:27:50.510096 [debug] [MainThread]: Executing "git --help"
[0m16:27:50.540555 [debug] [MainThread]: STDOUT: "b"usage: git [-v | --version] [-h | --help] [-C <path>] [-c <name>=<value>]\n           [--exec-path[=<path>]] [--html-path] [--man-path] [--info-path]\n           [-p | --paginate | -P | --no-pager] [--no-replace-objects] [--no-lazy-fetch]\n           [--no-optional-locks] [--no-advice] [--bare] [--git-dir=<path>]\n           [--work-tree=<path>] [--namespace=<name>] [--config-env=<name>=<envvar>]\n           <command> [<args>]\n\nThese are common Git commands used in various situations:\n\nstart a working area (see also: git help tutorial)\n   clone      Clone a repository into a new directory\n   init       Create an empty Git repository or reinitialize an existing one\n\nwork on the current change (see also: git help everyday)\n   add        Add file contents to the index\n   mv         Move or rename a file, a directory, or a symlink\n   restore    Restore working tree files\n   rm         Remove files from the working tree and from the index\n\nexamine the history and state (see also: git help revisions)\n   bisect     Use binary search to find the commit that introduced a bug\n   diff       Show changes between commits, commit and working tree, etc\n   grep       Print lines matching a pattern\n   log        Show commit logs\n   show       Show various types of objects\n   status     Show the working tree status\n\ngrow, mark and tweak your common history\n   backfill   Download missing objects in a partial clone\n   branch     List, create, or delete branches\n   commit     Record changes to the repository\n   merge      Join two or more development histories together\n   rebase     Reapply commits on top of another base tip\n   reset      Reset current HEAD to the specified state\n   switch     Switch branches\n   tag        Create, list, delete or verify a tag object signed with GPG\n\ncollaborate (see also: git help workflows)\n   fetch      Download objects and refs from another repository\n   pull       Fetch from and integrate with another repository or a local branch\n   push       Update remote refs along with associated objects\n\n'git help -a' and 'git help -g' list available subcommands and some\nconcept guides. See 'git help <command>' or 'git help <concept>'\nto read about a specific subcommand or concept.\nSee 'git help git' for an overview of the system.\n""
[0m16:27:50.541449 [debug] [MainThread]: STDERR: "b''"
[0m16:27:50.541961 [info ] [MainThread]:  - git [[32mOK found[0m]

[0m16:27:50.542544 [info ] [MainThread]: Connection:
[0m16:27:50.543011 [info ] [MainThread]:   database: youtube
[0m16:27:50.543455 [info ] [MainThread]:   schema: main
[0m16:27:50.543910 [info ] [MainThread]:   schemas_and_paths: {'main': '/data/data/com.termux/files/home/TermuxProjects/youtube_data_project/data/youtube.db'}
[0m16:27:50.544368 [info ] [MainThread]:   schema_directory: /data/data/com.termux/files/home/TermuxProjects/youtube_data_project/data
[0m16:27:50.545151 [info ] [MainThread]: Registered adapter: sqlite=1.10.0
[0m16:27:50.669475 [debug] [MainThread]: Acquiring new sqlite connection 'debug'
[0m16:27:50.696598 [debug] [MainThread]: Using sqlite connection "debug"
[0m16:27:50.697239 [debug] [MainThread]: On debug: select 1 as id
[0m16:27:50.697665 [debug] [MainThread]: Opening a new connection, currently in state init
[0m16:27:50.702176 [debug] [MainThread]: SQL status: OK in 0.004 seconds
[0m16:27:50.703548 [debug] [MainThread]: On debug: Close
[0m16:27:50.704050 [info ] [MainThread]:   Connection test: [[32mOK connection ok[0m]

[0m16:27:50.704484 [info ] [MainThread]: [31m1 check failed:[0m
[0m16:27:50.704796 [info ] [MainThread]: Project loading failed for the following reason:
 project path </data/data/com.termux/files/home/TermuxProjects/youtube_data_project/dbt_project.yml> not found

[0m16:27:50.707430 [debug] [MainThread]: Resource report: {"command_name": "debug", "command_success": false, "command_wall_clock_time": 0.42136183, "process_in_blocks": "136080", "process_kernel_time": 0.948306, "process_mem_max_rss": "118872", "process_out_blocks": "88", "process_user_time": 2.37217}
[0m16:27:50.708533 [debug] [MainThread]: Command `dbt debug` failed at 16:27:50.708313 after 0.42 seconds
[0m16:27:50.709104 [debug] [MainThread]: Connection 'debug' was properly closed.
[0m16:27:50.709516 [debug] [MainThread]: Sending event: {'category': 'dbt', 'action': 'invocation', 'label': 'end', 'context': [<snowplow_tracker.self_describing_json.SelfDescribingJson object at 0x73418e95b0>, <snowplow_tracker.self_describing_json.SelfDescribingJson object at 0x7340a82db0>, <snowplow_tracker.self_describing_json.SelfDescribingJson object at 0x734173ab40>]}
[0m16:27:50.709968 [debug] [MainThread]: Flushing usage events
[0m16:27:51.588412 [debug] [MainThread]: An error was encountered while trying to flush usage events
[0m17:25:39.378730 [debug] [MainThread]: Sending event: {'category': 'dbt', 'action': 'invocation', 'label': 'start', 'context': [<snowplow_tracker.self_describing_json.SelfDescribingJson object at 0x6e1e897620>, <snowplow_tracker.self_describing_json.SelfDescribingJson object at 0x6e1e806690>, <snowplow_tracker.self_describing_json.SelfDescribingJson object at 0x6e1e6bb8c0>]}


============================== 17:25:39.385428 | 3f300b1b-c57a-49d5-90af-80a77ead7d26 ==============================
[0m17:25:39.385428 [info ] [MainThread]: Running with dbt=1.10.11
[0m17:25:39.386655 [debug] [MainThread]: running dbt with arguments {'send_anonymous_usage_stats': 'True', 'printer_width': '80', 'write_json': 'True', 'target_path': 'None', 'static_parser': 'True', 'log_path': 'logs', 'use_experimental_parser': 'False', 'log_format': 'default', 'warn_error': 'None', 'partial_parse': 'True', 'introspect': 'True', 'indirect_selection': 'eager', 'empty': 'None', 'fail_fast': 'False', 'debug': 'False', 'invocation_command': 'dbt debug', 'use_colors': 'True', 'quiet': 'False', 'version_check': 'True', 'log_cache_events': 'False', 'cache_selected_only': 'False', 'profiles_dir': '/data/data/com.termux/files/home/.dbt', 'warn_error_options': 'WarnErrorOptionsV2(error=[], warn=[], silence=[])', 'no_print': 'None'}
[0m17:25:39.409175 [info ] [MainThread]: dbt version: 1.10.11
[0m17:25:39.409933 [info ] [MainThread]: python version: 3.12.11
[0m17:25:39.410449 [info ] [MainThread]: python path: /data/data/com.termux/files/home/TermuxProjects/youtube_data_project/yt-venv/bin/python
[0m17:25:39.410938 [info ] [MainThread]: os info: Linux-5.15.167-android13-8-00008-g31975b884c4b-ab13216403-aarch64-with-libc
[0m17:25:39.442599 [info ] [MainThread]: Using profiles dir at /data/data/com.termux/files/home/.dbt
[0m17:25:39.443195 [info ] [MainThread]: Using profiles.yml file at /data/data/com.termux/files/home/.dbt/profiles.yml
[0m17:25:39.443593 [info ] [MainThread]: Using dbt_project.yml file at /data/data/com.termux/files/home/TermuxProjects/youtube_data_project/dbt_project.yml
[0m17:25:39.445160 [info ] [MainThread]: adapter type: sqlite
[0m17:25:39.445514 [info ] [MainThread]: adapter version: 1.10.0
[0m17:25:39.445874 [info ] [MainThread]: Configuration:
[0m17:25:39.446235 [info ] [MainThread]:   profiles.yml file [[32mOK found and valid[0m]
[0m17:25:39.446562 [info ] [MainThread]:   dbt_project.yml file [[31mERROR not found[0m]
[0m17:25:39.446896 [info ] [MainThread]: Required dependencies:
[0m17:25:39.447233 [debug] [MainThread]: Executing "git --help"
[0m17:25:39.469583 [debug] [MainThread]: STDOUT: "b"usage: git [-v | --version] [-h | --help] [-C <path>] [-c <name>=<value>]\n           [--exec-path[=<path>]] [--html-path] [--man-path] [--info-path]\n           [-p | --paginate | -P | --no-pager] [--no-replace-objects] [--no-lazy-fetch]\n           [--no-optional-locks] [--no-advice] [--bare] [--git-dir=<path>]\n           [--work-tree=<path>] [--namespace=<name>] [--config-env=<name>=<envvar>]\n           <command> [<args>]\n\nThese are common Git commands used in various situations:\n\nstart a working area (see also: git help tutorial)\n   clone      Clone a repository into a new directory\n   init       Create an empty Git repository or reinitialize an existing one\n\nwork on the current change (see also: git help everyday)\n   add        Add file contents to the index\n   mv         Move or rename a file, a directory, or a symlink\n   restore    Restore working tree files\n   rm         Remove files from the working tree and from the index\n\nexamine the history and state (see also: git help revisions)\n   bisect     Use binary search to find the commit that introduced a bug\n   diff       Show changes between commits, commit and working tree, etc\n   grep       Print lines matching a pattern\n   log        Show commit logs\n   show       Show various types of objects\n   status     Show the working tree status\n\ngrow, mark and tweak your common history\n   backfill   Download missing objects in a partial clone\n   branch     List, create, or delete branches\n   commit     Record changes to the repository\n   merge      Join two or more development histories together\n   rebase     Reapply commits on top of another base tip\n   reset      Reset current HEAD to the specified state\n   switch     Switch branches\n   tag        Create, list, delete or verify a tag object signed with GPG\n\ncollaborate (see also: git help workflows)\n   fetch      Download objects and refs from another repository\n   pull       Fetch from and integrate with another repository or a local branch\n   push       Update remote refs along with associated objects\n\n'git help -a' and 'git help -g' list available subcommands and some\nconcept guides. See 'git help <command>' or 'git help <concept>'\nto read about a specific subcommand or concept.\nSee 'git help git' for an overview of the system.\n""
[0m17:25:39.470950 [debug] [MainThread]: STDERR: "b''"
[0m17:25:39.471780 [info ] [MainThread]:  - git [[32mOK found[0m]

[0m17:25:39.472474 [info ] [MainThread]: Connection:
[0m17:25:39.473016 [info ] [MainThread]:   database: youtube
[0m17:25:39.473511 [info ] [MainThread]:   schema: main
[0m17:25:39.474008 [info ] [MainThread]:   schemas_and_paths: {'main': '/data/data/com.termux/files/home/TermuxProjects/youtube_data_project/data/yt_main.db', 'staging': '/data/data/com.termux/files/home/TermuxProjects/youtube_data_project/data/yt_staging.db', 'raw': '/data/data/com.termux/files/home/TermuxProjects/youtube_data_project/data/yt_raw.db'}
[0m17:25:39.474490 [info ] [MainThread]:   schema_directory: /data/data/com.termux/files/home/TermuxProjects/youtube_data_project/data
[0m17:25:39.475241 [info ] [MainThread]: Registered adapter: sqlite=1.10.0
[0m17:25:39.598967 [debug] [MainThread]: Acquiring new sqlite connection 'debug'
[0m17:25:39.623146 [debug] [MainThread]: Using sqlite connection "debug"
[0m17:25:39.623823 [debug] [MainThread]: On debug: select 1 as id
[0m17:25:39.624244 [debug] [MainThread]: Opening a new connection, currently in state init
[0m17:25:39.625722 [debug] [MainThread]: SQL status: OK in 0.001 seconds
[0m17:25:39.626836 [debug] [MainThread]: On debug: Close
[0m17:25:39.627295 [info ] [MainThread]:   Connection test: [[32mOK connection ok[0m]

[0m17:25:39.627765 [info ] [MainThread]: [31m1 check failed:[0m
[0m17:25:39.628074 [info ] [MainThread]: Project loading failed for the following reason:
 project path </data/data/com.termux/files/home/TermuxProjects/youtube_data_project/dbt_project.yml> not found

[0m17:25:39.630592 [debug] [MainThread]: Resource report: {"command_name": "debug", "command_success": false, "command_wall_clock_time": 0.34393716, "process_in_blocks": "77384", "process_kernel_time": 0.575439, "process_mem_max_rss": "118864", "process_out_blocks": "80", "process_user_time": 2.171803}
[0m17:25:39.631832 [debug] [MainThread]: Command `dbt debug` failed at 17:25:39.631596 after 0.35 seconds
[0m17:25:39.632292 [debug] [MainThread]: Connection 'debug' was properly closed.
[0m17:25:39.632673 [debug] [MainThread]: Sending event: {'category': 'dbt', 'action': 'invocation', 'label': 'end', 'context': [<snowplow_tracker.self_describing_json.SelfDescribingJson object at 0x6e186086e0>, <snowplow_tracker.self_describing_json.SelfDescribingJson object at 0x6e186536e0>, <snowplow_tracker.self_describing_json.SelfDescribingJson object at 0x6e18a81340>]}
[0m17:25:39.633124 [debug] [MainThread]: Flushing usage events
[0m17:25:40.766193 [debug] [MainThread]: An error was encountered while trying to flush usage events
[0m17:26:01.931224 [debug] [MainThread]: Sending event: {'category': 'dbt', 'action': 'invocation', 'label': 'start', 'context': [<snowplow_tracker.self_describing_json.SelfDescribingJson object at 0x7ca5d63a40>, <snowplow_tracker.self_describing_json.SelfDescribingJson object at 0x7ca60a86e0>, <snowplow_tracker.self_describing_json.SelfDescribingJson object at 0x7ca60aab40>]}


============================== 17:26:01.933926 | d7158805-132e-4b33-a2d5-be7b5cab1b04 ==============================
[0m17:26:01.933926 [info ] [MainThread]: Running with dbt=1.10.11
[0m17:26:01.934669 [debug] [MainThread]: running dbt with arguments {'log_format': 'default', 'warn_error_options': 'WarnErrorOptionsV2(error=[], warn=[], silence=[])', 'no_print': 'None', 'cache_selected_only': 'False', 'invocation_command': 'dbt debug', 'quiet': 'False', 'fail_fast': 'False', 'log_cache_events': 'False', 'printer_width': '80', 'profiles_dir': '/data/data/com.termux/files/home/.dbt', 'log_path': 'logs', 'version_check': 'True', 'indirect_selection': 'eager', 'target_path': 'None', 'introspect': 'True', 'use_experimental_parser': 'False', 'empty': 'None', 'use_colors': 'True', 'debug': 'False', 'write_json': 'True', 'warn_error': 'None', 'static_parser': 'True', 'partial_parse': 'True', 'send_anonymous_usage_stats': 'True'}
[0m17:26:01.944730 [info ] [MainThread]: dbt version: 1.10.11
[0m17:26:01.945243 [info ] [MainThread]: python version: 3.12.11
[0m17:26:01.945653 [info ] [MainThread]: python path: /data/data/com.termux/files/home/TermuxProjects/youtube_data_project/yt-venv/bin/python
[0m17:26:01.946006 [info ] [MainThread]: os info: Linux-5.15.167-android13-8-00008-g31975b884c4b-ab13216403-aarch64-with-libc
[0m17:26:01.973089 [info ] [MainThread]: Using profiles dir at /data/data/com.termux/files/home/.dbt
[0m17:26:01.973752 [info ] [MainThread]: Using profiles.yml file at /data/data/com.termux/files/home/.dbt/profiles.yml
[0m17:26:01.974108 [info ] [MainThread]: Using dbt_project.yml file at /data/data/com.termux/files/home/TermuxProjects/youtube_data_project/dbt_project.yml
[0m17:26:01.974608 [info ] [MainThread]: adapter type: sqlite
[0m17:26:01.974970 [info ] [MainThread]: adapter version: 1.10.0
[0m17:26:01.975304 [info ] [MainThread]: Configuration:
[0m17:26:01.975626 [info ] [MainThread]:   profiles.yml file [[32mOK found and valid[0m]
[0m17:26:01.975916 [info ] [MainThread]:   dbt_project.yml file [[31mERROR not found[0m]
[0m17:26:01.976200 [info ] [MainThread]: Required dependencies:
[0m17:26:01.976533 [debug] [MainThread]: Executing "git --help"
[0m17:26:01.993396 [debug] [MainThread]: STDOUT: "b"usage: git [-v | --version] [-h | --help] [-C <path>] [-c <name>=<value>]\n           [--exec-path[=<path>]] [--html-path] [--man-path] [--info-path]\n           [-p | --paginate | -P | --no-pager] [--no-replace-objects] [--no-lazy-fetch]\n           [--no-optional-locks] [--no-advice] [--bare] [--git-dir=<path>]\n           [--work-tree=<path>] [--namespace=<name>] [--config-env=<name>=<envvar>]\n           <command> [<args>]\n\nThese are common Git commands used in various situations:\n\nstart a working area (see also: git help tutorial)\n   clone      Clone a repository into a new directory\n   init       Create an empty Git repository or reinitialize an existing one\n\nwork on the current change (see also: git help everyday)\n   add        Add file contents to the index\n   mv         Move or rename a file, a directory, or a symlink\n   restore    Restore working tree files\n   rm         Remove files from the working tree and from the index\n\nexamine the history and state (see also: git help revisions)\n   bisect     Use binary search to find the commit that introduced a bug\n   diff       Show changes between commits, commit and working tree, etc\n   grep       Print lines matching a pattern\n   log        Show commit logs\n   show       Show various types of objects\n   status     Show the working tree status\n\ngrow, mark and tweak your common history\n   backfill   Download missing objects in a partial clone\n   branch     List, create, or delete branches\n   commit     Record changes to the repository\n   merge      Join two or more development histories together\n   rebase     Reapply commits on top of another base tip\n   reset      Reset current HEAD to the specified state\n   switch     Switch branches\n   tag        Create, list, delete or verify a tag object signed with GPG\n\ncollaborate (see also: git help workflows)\n   fetch      Download objects and refs from another repository\n   pull       Fetch from and integrate with another repository or a local branch\n   push       Update remote refs along with associated objects\n\n'git help -a' and 'git help -g' list available subcommands and some\nconcept guides. See 'git help <command>' or 'git help <concept>'\nto read about a specific subcommand or concept.\nSee 'git help git' for an overview of the system.\n""
[0m17:26:01.994497 [debug] [MainThread]: STDERR: "b''"
[0m17:26:01.995157 [info ] [MainThread]:  - git [[32mOK found[0m]

[0m17:26:01.995937 [info ] [MainThread]: Connection:
[0m17:26:01.996468 [info ] [MainThread]:   database: youtube
[0m17:26:01.996774 [info ] [MainThread]:   schema: main
[0m17:26:01.997081 [info ] [MainThread]:   schemas_and_paths: {'main': '/data/data/com.termux/files/home/TermuxProjects/youtube_data_project/data/yt_main.db', 'staging': '/data/data/com.termux/files/home/TermuxProjects/youtube_data_project/data/yt_staging.db', 'raw': '/data/data/com.termux/files/home/TermuxProjects/youtube_data_project/data/yt_raw.db'}
[0m17:26:01.997384 [info ] [MainThread]:   schema_directory: /data/data/com.termux/files/home/TermuxProjects/youtube_data_project/data
[0m17:26:01.997890 [info ] [MainThread]: Registered adapter: sqlite=1.10.0
[0m17:26:02.104452 [debug] [MainThread]: Acquiring new sqlite connection 'debug'
[0m17:26:02.120167 [debug] [MainThread]: Using sqlite connection "debug"
[0m17:26:02.120770 [debug] [MainThread]: On debug: select 1 as id
[0m17:26:02.121171 [debug] [MainThread]: Opening a new connection, currently in state init
[0m17:26:02.122476 [debug] [MainThread]: SQL status: OK in 0.001 seconds
[0m17:26:02.123615 [debug] [MainThread]: On debug: Close
[0m17:26:02.124116 [info ] [MainThread]:   Connection test: [[32mOK connection ok[0m]

[0m17:26:02.124536 [info ] [MainThread]: [31m1 check failed:[0m
[0m17:26:02.124842 [info ] [MainThread]: Project loading failed for the following reason:
 project path </data/data/com.termux/files/home/TermuxProjects/youtube_data_project/dbt_project.yml> not found

[0m17:26:02.126205 [debug] [MainThread]: Resource report: {"command_name": "debug", "command_success": false, "command_wall_clock_time": 0.27926868, "process_in_blocks": "0", "process_kernel_time": 0.450373, "process_mem_max_rss": "119188", "process_out_blocks": "32", "process_user_time": 1.914229}
[0m17:26:02.127044 [debug] [MainThread]: Command `dbt debug` failed at 17:26:02.126904 after 0.28 seconds
[0m17:26:02.127457 [debug] [MainThread]: Connection 'debug' was properly closed.
[0m17:26:02.127875 [debug] [MainThread]: Sending event: {'category': 'dbt', 'action': 'invocation', 'label': 'end', 'context': [<snowplow_tracker.self_describing_json.SelfDescribingJson object at 0x7cb0823830>, <snowplow_tracker.self_describing_json.SelfDescribingJson object at 0x7ca55fba40>, <snowplow_tracker.self_describing_json.SelfDescribingJson object at 0x7ca5ce28a0>]}
[0m17:26:02.128319 [debug] [MainThread]: Flushing usage events
[0m17:26:02.964135 [debug] [MainThread]: An error was encountered while trying to flush usage events
[0m18:03:13.905619 [debug] [MainThread]: Sending event: {'category': 'dbt', 'action': 'invocation', 'label': 'start', 'context': [<snowplow_tracker.self_describing_json.SelfDescribingJson object at 0x73b8592270>, <snowplow_tracker.self_describing_json.SelfDescribingJson object at 0x73b7dbea20>, <snowplow_tracker.self_describing_json.SelfDescribingJson object at 0x73b7dbe870>]}


============================== 18:03:13.914211 | 3c8af194-1bef-417e-9b31-15beb4c9e741 ==============================
[0m18:03:13.914211 [info ] [MainThread]: Running with dbt=1.10.11
[0m18:03:13.916184 [debug] [MainThread]: running dbt with arguments {'printer_width': '80', 'send_anonymous_usage_stats': 'True', 'static_parser': 'True', 'target_path': 'None', 'write_json': 'True', 'log_path': 'logs', 'profiles_dir': '/data/data/com.termux/files/home/.dbt', 'use_experimental_parser': 'False', 'log_format': 'default', 'warn_error': 'None', 'partial_parse': 'True', 'indirect_selection': 'eager', 'introspect': 'True', 'debug': 'False', 'empty': 'False', 'fail_fast': 'False', 'quiet': 'False', 'use_colors': 'True', 'log_cache_events': 'False', 'version_check': 'True', 'cache_selected_only': 'False', 'invocation_command': 'dbt run', 'warn_error_options': 'WarnErrorOptionsV2(error=[], warn=[], silence=[])', 'no_print': 'None'}
[0m18:03:13.917796 [error] [MainThread]: Encountered an error:
Runtime Error
  No dbt_project.yml found at expected path /data/data/com.termux/files/home/TermuxProjects/youtube_data_project/dbt_project.yml
  Verify that each entry within packages.yml (and their transitive dependencies) contains a file named dbt_project.yml
  
[0m18:03:13.921895 [debug] [MainThread]: Resource report: {"command_name": "run", "command_success": false, "command_wall_clock_time": 0.17489916, "process_in_blocks": "66848", "process_kernel_time": 0.521908, "process_mem_max_rss": "109500", "process_out_blocks": "8", "process_user_time": 2.065523}
[0m18:03:13.922993 [debug] [MainThread]: Command `dbt run` failed at 18:03:13.922760 after 0.18 seconds
[0m18:03:13.923670 [debug] [MainThread]: Sending event: {'category': 'dbt', 'action': 'invocation', 'label': 'end', 'context': [<snowplow_tracker.self_describing_json.SelfDescribingJson object at 0x73b8331ac0>, <snowplow_tracker.self_describing_json.SelfDescribingJson object at 0x73b76fbec0>, <snowplow_tracker.self_describing_json.SelfDescribingJson object at 0x73b7cc7800>]}
[0m18:03:13.924348 [debug] [MainThread]: Flushing usage events
[0m18:03:15.229675 [debug] [MainThread]: An error was encountered while trying to flush usage events
